#
# A fatal error has been detected by the Java Runtime Environment:
#
#  Internal Error (javaClasses.cpp:136), pid=11992, tid=3059718976
#  fatal error: Invalid layout of preloaded class
#
# JRE version:  (7.0_55-b14) (build )
# Java VM: OpenJDK Server VM (24.51-b03 mixed mode linux-x86 )
# Failed to write core dump. Core dumps have been disabled. To enable core dumping, try "ulimit -c unlimited" before starting Java again
#
# If you would like to submit a bug report, please include
# instructions on how to reproduce the bug and visit:
#   http://icedtea.classpath.org/bugzilla
#

---------------  T H R E A D  ---------------

Current thread (0xb6407000):  JavaThread "Unknown thread" [_thread_in_vm, id=12009, stack(0xb65a9000,0xb65fa000)]

Stack: [0xb65a9000,0xb65fa000]

---------------  P R O C E S S  ---------------

Java Threads: ( => current thread )

Other Threads:

=>0xb6407000 (exited) JavaThread "Unknown thread" [_thread_in_vm, id=12009, stack(0xb65a9000,0xb65fa000)]

VM state:not at safepoint (not fully initialized)

VM Mutex/Monitor currently owned by a thread: None

GC Heap History (0 events):
No events

Deoptimization events (0 events):
No events

Internal exceptions (0 events):
No events

Events (10 events):
Event: 0.209 loading class 0x8aea5670 done
Event: 0.210 loading class 0x8aea5100 done
Event: 0.211 loading class 0x8aea50e0
Event: 0.211 loading class 0x8aeac370
Event: 0.211 loading class 0x8aeac370 done
Event: 0.211 loading class 0x8aeac3a0
Event: 0.212 loading class 0x8aeac3a0 done
Event: 0.212 loading class 0x8aeac3d0
Event: 0.212 loading class 0x8aeac3d0 done
Event: 0.213 loading class 0x8aea50e0 done


Dynamic libraries:
08048000-08049000 r-xp 00000000 08:01 295905     /usr/lib/jvm/java-7-openjdk/jre/bin/java
08049000-0804a000 rw-p 00000000 08:01 295905     /usr/lib/jvm/java-7-openjdk/jre/bin/java
08fdc000-08ffd000 rw-p 00000000 00:00 0          [heap]
895a9000-89680000 r--s 013fe000 08:02 2099541    /home/mikuiqnw0/dev/adt-bundle-linux-x86-20140321/sdk/platforms/android-19/android.jar
89680000-8ad00000 rw-p 00000000 00:00 0 
8ad00000-8ad21000 rw-p 00000000 00:00 0 
8ad21000-8ae00000 ---p 00000000 00:00 0 
8aea5000-8af00000 rw-p 00000000 00:00 0 
8af00000-8af21000 rw-p 00000000 00:00 0 
8af21000-8b000000 ---p 00000000 00:00 0 
8b02b000-8b052000 rw-p 00000000 00:00 0 
8b052000-8b053000 ---p 00000000 00:00 0 
8b053000-8b0d3000 rw-p 00000000 00:00 0          [stack:12011]
8b0d3000-8b0d4000 ---p 00000000 00:00 0 
8b0d4000-8b15f000 rw-p 00000000 00:00 0          [stack:12010]
8b15f000-8b1ff000 rw-p 00000000 00:00 0 
8b1ff000-8b207000 rw-p 00000000 00:00 0 
8b207000-8b23f000 rw-p 00000000 00:00 0 
8b23f000-8b24a000 rw-p 00000000 00:00 0 
8b24a000-8b2e9000 rw-p 00000000 00:00 0 
8b2e9000-8b2ef000 rw-p 00000000 00:00 0 
8b2ef000-8b33f000 rw-p 00000000 00:00 0 
8b33f000-8c340000 rw-p 00000000 00:00 0 
8c340000-93340000 rw-p 00000000 00:00 0 
93340000-94840000 rw-p 00000000 00:00 0 
94840000-a8880000 rw-p 00000000 00:00 0 
a8880000-a9300000 rw-p 00000000 00:00 0 
a9300000-b3340000 rw-p 00000000 00:00 0 
b3340000-b3349000 rw-p 00000000 00:00 0 
b3349000-b3400000 rw-p 00000000 00:00 0 
b3400000-b3640000 rwxp 00000000 00:00 0 
b3640000-b6453000 rw-p 00000000 00:00 0 
b6453000-b6500000 ---p 00000000 00:00 0 
b6503000-b651a000 rw-p 00000000 00:00 0 
b651a000-b6552000 rw-p 00000000 00:00 0 
b6552000-b655a000 r-xp 00000000 08:01 295871     /usr/lib/jvm/java-7-openjdk/jre/lib/i386/libzip.so
b655a000-b655b000 rw-p 00007000 08:01 295871     /usr/lib/jvm/java-7-openjdk/jre/lib/i386/libzip.so
b655b000-b6567000 r-xp 00000000 08:01 265458     /usr/lib/libnss_files-2.19.so
b6567000-b6568000 r--p 0000b000 08:01 265458     /usr/lib/libnss_files-2.19.so
b6568000-b6569000 rw-p 0000c000 08:01 265458     /usr/lib/libnss_files-2.19.so
b6571000-b6579000 rw-s 00000000 00:1f 58906      /tmp/hsperfdata_mikuiqnw0/11992
b6579000-b659f000 r-xp 00000000 08:01 295870     /usr/lib/jvm/java-7-openjdk/jre/lib/i386/libjava.so
b659f000-b65a0000 rw-p 00026000 08:01 295870     /usr/lib/jvm/java-7-openjdk/jre/lib/i386/libjava.so
b65a0000-b65a7000 r-xp 00000000 08:01 265460     /usr/lib/librt-2.19.so
b65a7000-b65a8000 r--p 00007000 08:01 265460     /usr/lib/librt-2.19.so
b65a8000-b65a9000 rw-p 00008000 08:01 265460     /usr/lib/librt-2.19.so
b65a9000-b65ac000 ---p 00000000 00:00 0 
b65ac000-b65fa000 rw-p 00000000 00:00 0          [stack:12009]
b65fa000-b6616000 r-xp 00000000 08:01 268717     /usr/lib/libgcc_s.so.1
b6616000-b6617000 rw-p 0001b000 08:01 268717     /usr/lib/libgcc_s.so.1
b6617000-b6661000 r-xp 00000000 08:01 265413     /usr/lib/libm-2.19.so
b6661000-b6662000 r--p 00049000 08:01 265413     /usr/lib/libm-2.19.so
b6662000-b6663000 rw-p 0004a000 08:01 265413     /usr/lib/libm-2.19.so
b6663000-b674c000 r-xp 00000000 08:01 268722     /usr/lib/libstdc++.so.6.0.20
b674c000-b674d000 ---p 000e9000 08:01 268722     /usr/lib/libstdc++.so.6.0.20
b674d000-b6751000 r--p 000e9000 08:01 268722     /usr/lib/libstdc++.so.6.0.20
b6751000-b6752000 rw-p 000ed000 08:01 268722     /usr/lib/libstdc++.so.6.0.20
b6752000-b6759000 rw-p 00000000 00:00 0 
b6759000-b7127000 r-xp 00000000 08:01 295904     /usr/lib/jvm/java-7-openjdk/jre/lib/i386/server/libjvm.so
b7127000-b718c000 rw-p 009ce000 08:01 295904     /usr/lib/jvm/java-7-openjdk/jre/lib/i386/server/libjvm.so
b718c000-b75a9000 rw-p 00000000 00:00 0 
b75a9000-b75be000 r-xp 00000000 08:01 268469     /usr/lib/libz.so.1.2.8
b75be000-b75bf000 r--p 00014000 08:01 268469     /usr/lib/libz.so.1.2.8
b75bf000-b75c0000 rw-p 00015000 08:01 268469     /usr/lib/libz.so.1.2.8
b75c0000-b777b000 r-xp 00000000 08:01 265466     /usr/lib/libc-2.19.so
b777b000-b777e000 r--p 001ba000 08:01 265466     /usr/lib/libc-2.19.so
b777e000-b7780000 rw-p 001bd000 08:01 265466     /usr/lib/libc-2.19.so
b7780000-b7783000 rw-p 00000000 00:00 0 
b7783000-b7786000 r-xp 00000000 08:01 265425     /usr/lib/libdl-2.19.so
b7786000-b7787000 r--p 00002000 08:01 265425     /usr/lib/libdl-2.19.so
b7787000-b7788000 rw-p 00003000 08:01 265425     /usr/lib/libdl-2.19.so
b7788000-b7794000 r-xp 00000000 08:01 295897     /usr/lib/jvm/java-7-openjdk/jre/lib/i386/jli/libjli.so
b7794000-b7795000 rw-p 0000b000 08:01 295897     /usr/lib/jvm/java-7-openjdk/jre/lib/i386/jli/libjli.so
b7795000-b77ae000 r-xp 00000000 08:01 265481     /usr/lib/libpthread-2.19.so
b77ae000-b77af000 r--p 00018000 08:01 265481     /usr/lib/libpthread-2.19.so
b77af000-b77b0000 rw-p 00019000 08:01 265481     /usr/lib/libpthread-2.19.so
b77b0000-b77b2000 rw-p 00000000 00:00 0 
b77b4000-b77b5000 rw-p 00000000 00:00 0 
b77b5000-b77b6000 r--p 00000000 00:00 0 
b77b6000-b77c1000 r-xp 00000000 08:01 295869     /usr/lib/jvm/java-7-openjdk/jre/lib/i386/libverify.so
b77c1000-b77c2000 rw-p 0000b000 08:01 295869     /usr/lib/jvm/java-7-openjdk/jre/lib/i386/libverify.so
b77c2000-b77c3000 rw-p 00000000 00:00 0 
b77c3000-b77e4000 r-xp 00000000 08:01 265446     /usr/lib/ld-2.19.so
b77e4000-b77e5000 r-xp 00000000 00:00 0          [vdso]
b77e5000-b77e6000 r--p 00021000 08:01 265446     /usr/lib/ld-2.19.so
b77e6000-b77e7000 rw-p 00022000 08:01 265446     /usr/lib/ld-2.19.so
bfb04000-bfb25000 rw-p 00000000 00:00 0          [stack]

VM Arguments:
jvm_args: -Dfile.encoding=UTF-8 -Xbootclasspath:/home/mikuiqnw0/dev/adt-bundle-linux-x86-20140321/sdk/platforms/android-19/android.jar 
java_command: org.eclipse.jdt.internal.junit.runner.RemoteTestRunner -version 3 -port 40189 -testLoaderClass org.eclipse.jdt.internal.junit4.runner.JUnit4TestLoader -loaderpluginname org.eclipse.jdt.junit4.runtime -classNames mikuiqnw0.db.test
Launcher Type: SUN_STANDARD

Environment Variables:
JAVA_HOME=/usr/lib/jvm/java-7-openjdk
PATH=/usr/local/sbin:/usr/local/bin:/usr/bin:/usr/bin/core_perl
LD_LIBRARY_PATH=/usr/lib/jvm/java-7-openjdk/jre/lib/i386/server:/usr/lib/jvm/java-7-openjdk/jre/lib/i386:/usr/lib/jvm/java-7-openjdk/jre/../lib/i386:/usr/lib/jvm/java-7-openjdk/jre/lib/i386/client:/usr/lib/jvm/java-7-openjdk/jre/lib/i386:
SHELL=/bin/bash
DISPLAY=:0

Signal Handlers:
SIGSEGV: [libjvm.so+0x7f1220], sa_mask[0]=0x7ffbfeff, sa_flags=0x10000004
SIGBUS: [libjvm.so+0x7f1220], sa_mask[0]=0x7ffbfeff, sa_flags=0x10000004
SIGFPE: [libjvm.so+0x66e1d0], sa_mask[0]=0x7ffbfeff, sa_flags=0x10000004
SIGPIPE: [libjvm.so+0x66e1d0], sa_mask[0]=0x7ffbfeff, sa_flags=0x10000004
SIGXFSZ: [libjvm.so+0x66e1d0], sa_mask[0]=0x7ffbfeff, sa_flags=0x10000004
SIGILL: [libjvm.so+0x66e1d0], sa_mask[0]=0x7ffbfeff, sa_flags=0x10000004
SIGUSR1: SIG_DFL, sa_mask[0]=0x00000000, sa_flags=0x00000000
SIGUSR2: [libjvm.so+0x66e060], sa_mask[0]=0x00000004, sa_flags=0x10000004
SIGHUP: SIG_DFL, sa_mask[0]=0x00000000, sa_flags=0x00000000
SIGINT: SIG_DFL, sa_mask[0]=0x00000000, sa_flags=0x00000000
SIGTERM: SIG_DFL, sa_mask[0]=0x00000000, sa_flags=0x00000000
SIGQUIT: SIG_DFL, sa_mask[0]=0x00000000, sa_flags=0x00000000


---------------  S Y S T E M  ---------------

OS:Linux
uname:Linux 3.14.4-1-ARCH #1 SMP PREEMPT Tue May 13 16:44:54 CEST 2014 i686
libc:glibc 2.19 NPTL 2.19 
rlimit: STACK 8192k, CORE 0k, NPROC 16061, NOFILE 4096, AS infinity
load average:0.30 0.30 0.31

/proc/meminfo:
MemTotal:        2059552 kB
MemFree:         1311600 kB
MemAvailable:    1480476 kB
Buffers:           31944 kB
Cached:           298056 kB
SwapCached:            0 kB
Active:           494468 kB
Inactive:         210812 kB
Active(anon):     375928 kB
Inactive(anon):    28200 kB
Active(file):     118540 kB
Inactive(file):   182612 kB
Unevictable:           0 kB
Mlocked:               0 kB
HighTotal:       1179272 kB
HighFree:         752988 kB
LowTotal:         880280 kB
LowFree:          558612 kB
SwapTotal:             0 kB
SwapFree:              0 kB
Dirty:               636 kB
Writeback:             0 kB
AnonPages:        375524 kB
Mapped:            55572 kB
Shmem:             28604 kB
Slab:              23940 kB
SReclaimable:      15124 kB
SUnreclaim:         8816 kB
KernelStack:        1000 kB
PageTables:         1104 kB
NFS_Unstable:          0 kB
Bounce:                0 kB
WritebackTmp:          0 kB
CommitLimit:     1029776 kB
Committed_AS:     637164 kB
VmallocTotal:     122880 kB
VmallocUsed:       17684 kB
VmallocChunk:      92304 kB
HardwareCorrupted:     0 kB
AnonHugePages:    307200 kB
HugePages_Total:       0
HugePages_Free:        0
HugePages_Rsvd:        0
HugePages_Surp:        0
Hugepagesize:       4096 kB
DirectMap4k:       24568 kB
DirectMap4M:      884736 kB


CPU:total 2 (1 cores per cpu, 2 threads per core) family 6 model 28 stepping 2, cmov, cx8, fxsr, mmx, sse, sse2, sse3, ssse3, ht, tsc

/proc/cpuinfo:
processor	: 0
vendor_id	: GenuineIntel
cpu family	: 6
model		: 28
model name	: Intel(R) Atom(TM) CPU N270   @ 1.60GHz
stepping	: 2
microcode	: 0x212
cpu MHz		: 1600.000
cache size	: 512 KB
physical id	: 0
siblings	: 2
core id		: 0
cpu cores	: 1
apicid		: 0
initial apicid	: 0
fdiv_bug	: no
f00f_bug	: no
coma_bug	: no
fpu		: yes
fpu_exception	: yes
cpuid level	: 10
wp		: yes
flags		: fpu vme de pse tsc msr pae mce cx8 apic sep mtrr pge mca cmov pat clflush dts acpi mmx fxsr sse sse2 ss ht tm pbe nx constant_tsc arch_perfmon pebs bts aperfmperf pni dtes64 monitor ds_cpl est tm2 ssse3 xtpr pdcm movbe lahf_lm dtherm
bogomips	: 3193.07
clflush size	: 64
cache_alignment	: 64
address sizes	: 32 bits physical, 32 bits virtual
power management:

processor	: 1
vendor_id	: GenuineIntel
cpu family	: 6
model		: 28
model name	: Intel(R) Atom(TM) CPU N270   @ 1.60GHz
stepping	: 2
microcode	: 0x212
cpu MHz		: 1600.000
cache size	: 512 KB
physical id	: 0
siblings	: 2
core id		: 0
cpu cores	: 1
apicid		: 1
initial apicid	: 1
fdiv_bug	: no
f00f_bug	: no
coma_bug	: no
fpu		: yes
fpu_exception	: yes
cpuid level	: 10
wp		: yes
flags		: fpu vme de pse tsc msr pae mce cx8 apic sep mtrr pge mca cmov pat clflush dts acpi mmx fxsr sse sse2 ss ht tm pbe nx constant_tsc arch_perfmon pebs bts aperfmperf pni dtes64 monitor ds_cpl est tm2 ssse3 xtpr pdcm movbe lahf_lm dtherm
bogomips	: 3193.07
clflush size	: 64
cache_alignment	: 64
address sizes	: 32 bits physical, 32 bits virtual
power management:



Memory: 4k page, physical 2059552k(1311600k free), swap 0k(0k free)

vm_info: OpenJDK Server VM (24.51-b03) for linux-x86 JRE (1.7.0_55-b14), built on Apr 16 2014 11:52:08 by "nobody" with gcc 4.8.2 20140206 (prerelease)

time: Fri May 30 12:00:59 2014
elapsed time: 0 seconds

